cpp_module00/Warlock.cpp:32:20: error: use of undeclared identifier 'Warlock'
std::string const &Warlock::getName(void) const {
                   ^
cpp_module00/Warlock.cpp:35:20: error: use of undeclared identifier 'Warlock'
std::string const &Warlock::getTitle(void) const {
                   ^
cpp_module00/Warlock.cpp:38:6: error: use of undeclared identifier 'Warlock'
void Warlock::setTitle(std::string const &title) const {
     ^
cpp_module00/Warlock.cpp:41:6: error: use of undeclared identifier 'Warlock'
void Warlock::introduce(void) const {
     ^
cpp_module00/Warlock.cpp:47:1: error: use of undeclared identifier 'Warlock'
Warlock::Warlock(void) { }
^
cpp_module00/Warlock.cpp:48:1: error: use of undeclared identifier 'Warlock'
Warlock::Warlock(Warlock const &src) {
^
cpp_module00/Warlock.cpp:48:18: error: unknown type name 'Warlock'
Warlock::Warlock(Warlock const &src) {
                 ^
cpp_module00/Warlock.cpp:51:1: error: unknown type name 'Warlock'
Warlock& Warlock::operator=(Warlock const &src) {
^
cpp_module00/Warlock.cpp:51:10: error: use of undeclared identifier 'Warlock'
Warlock& Warlock::operator=(Warlock const &src) {
         ^
cpp_module00/Warlock.cpp:51:29: error: unknown type name 'Warlock'
Warlock& Warlock::operator=(Warlock const &src) {
                            ^
cpp_module00/Warlock.cpp:56:1: error: use of undeclared identifier 'Warlock'
Warlock::Warlock(std::string const &name, std::string const &title) {
^
cpp_module00/Warlock.cpp:61:1: error: use of undeclared identifier 'Warlock'
Warlock::~Warlock(void) {
^
12 errors generated.
<-------------- OUR OUTPUT ------------>
Compilation Error stop.

Little reminder: Here you must have a Warlock.cpp & Warlock.hpp files.